2023-11-24 08:48:31,512 [Worker-1: Loading available Gradle versions] INFO  o.e.b.c.i.u.g.PublishedGradleVersions - Gradle version information cache is not available. Remote download required.
2023-11-24 08:54:43,319 [Worker-6: Loading available Gradle versions] INFO  o.e.b.c.i.u.g.PublishedGradleVersions - Gradle version information cache is up-to-date. Trying to read.
2023-11-25 10:19:02,452 [Worker-6: Loading available Gradle versions] INFO  o.e.b.c.i.u.g.PublishedGradleVersions - Gradle version information cache is out-of-date. Trying to update.
2023-11-25 10:21:07,040 [Worker-6: Loading available Gradle versions] INFO  o.e.b.c.i.u.g.PublishedGradleVersions - Gradle version information cache is up-to-date. Trying to read.
2023-11-25 13:56:07,173 [Worker-11: Loading available Gradle versions] INFO  o.e.b.c.i.u.g.PublishedGradleVersions - Gradle version information cache is up-to-date. Trying to read.
2023-11-25 15:02:20,274 [Worker-6: Loading available Gradle versions] INFO  o.e.b.c.i.u.g.PublishedGradleVersions - Gradle version information cache is up-to-date. Trying to read.
2023-11-25 15:43:21,093 [main] INFO  org.eclipse.jetty.server.Server - jetty-10.0.15; built: 2023-04-11T17:25:14.480Z; git: 68017dbd00236bb7e187330d7585a059610f661d; jvm 17.0.8.1+1
2023-11-25 15:43:21,118 [main] INFO  o.e.j.s.s.DefaultSessionIdManager - Session workerName=node0
2023-11-25 15:43:21,147 [main] INFO  o.e.j.server.handler.ContextHandler - Started o.e.j.s.ServletContextHandler@6bbb8dce{/wse,null,AVAILABLE}
2023-11-25 15:43:21,161 [main] INFO  o.e.jetty.server.AbstractConnector - Started ServerConnector@7b064068{HTTP/1.1, (http/1.1)}{0.0.0.0:42655}
2023-11-25 15:43:21,173 [main] INFO  org.eclipse.jetty.server.Server - Started Server@3e90374f{STARTING}[10.0.15,sto=0] @2471948ms
2023-11-25 15:49:05,669 [Framework stop - Equinox Container: 72958b7d-4e38-48c9-ad76-a49f292fb4e7] INFO  org.eclipse.jetty.server.Server - Stopped Server@3e90374f{STOPPING}[10.0.15,sto=0]
2023-11-25 15:49:05,672 [Framework stop - Equinox Container: 72958b7d-4e38-48c9-ad76-a49f292fb4e7] INFO  o.e.jetty.server.AbstractConnector - Stopped ServerConnector@7b064068{HTTP/1.1, (http/1.1)}{0.0.0.0:0}
2023-11-25 15:49:05,683 [Framework stop - Equinox Container: 72958b7d-4e38-48c9-ad76-a49f292fb4e7] INFO  o.e.j.server.handler.ContextHandler - Stopped o.e.j.s.ServletContextHandler@6bbb8dce{/wse,null,STOPPED}
2023-11-25 15:49:27,416 [Worker-1: Loading available Gradle versions] INFO  o.e.b.c.i.u.g.PublishedGradleVersions - Gradle version information cache is up-to-date. Trying to read.
2023-11-26 10:13:54,528 [Worker-2: Loading available Gradle versions] INFO  o.e.b.c.i.u.g.PublishedGradleVersions - Gradle version information cache is up-to-date. Trying to read.
2023-11-26 17:44:55,558 [Worker-2: Loading available Gradle versions] INFO  o.e.b.c.i.u.g.PublishedGradleVersions - Gradle version information cache is out-of-date. Trying to update.
2023-11-27 09:51:10,472 [Worker-6: Loading available Gradle versions] INFO  o.e.b.c.i.u.g.PublishedGradleVersions - Gradle version information cache is up-to-date. Trying to read.
2023-11-27 09:57:51,156 [Worker-1: Loading available Gradle versions] INFO  o.e.b.c.i.u.g.PublishedGradleVersions - Gradle version information cache is up-to-date. Trying to read.
2023-11-27 11:08:32,680 [Worker-5: Loading available Gradle versions] INFO  o.e.b.c.i.u.g.PublishedGradleVersions - Gradle version information cache is up-to-date. Trying to read.
2023-11-28 13:38:01,884 [Worker-2: Loading available Gradle versions] INFO  o.e.b.c.i.u.g.PublishedGradleVersions - Gradle version information cache is out-of-date. Trying to update.
2023-11-28 13:39:06,081 [Worker-6: Loading available Gradle versions] INFO  o.e.b.c.i.u.g.PublishedGradleVersions - Gradle version information cache is up-to-date. Trying to read.
